<?xml version="1.0" encoding="UTF-8"?>
<testsuite name="com.example.kubepractice.KubepracticeApplicationTests" tests="1" skipped="0" failures="0" errors="0" timestamp="2021-04-19T16:46:32" hostname="DESKTOP-RUU1C4G" time="0.391">
  <properties/>
  <testcase name="contextLoads()" classname="com.example.kubepractice.KubepracticeApplicationTests" time="0.391"/>
  <system-out><![CDATA[11:46:30.572 [Test worker] DEBUG org.springframework.test.context.BootstrapUtils - Instantiating CacheAwareContextLoaderDelegate from class [org.springframework.test.context.cache.DefaultCacheAwareContextLoaderDelegate]
11:46:30.586 [Test worker] DEBUG org.springframework.test.context.BootstrapUtils - Instantiating BootstrapContext using constructor [public org.springframework.test.context.support.DefaultBootstrapContext(java.lang.Class,org.springframework.test.context.CacheAwareContextLoaderDelegate)]
11:46:30.622 [Test worker] DEBUG org.springframework.test.context.BootstrapUtils - Instantiating TestContextBootstrapper for test class [com.example.kubepractice.KubepracticeApplicationTests] from class [org.springframework.boot.test.context.SpringBootTestContextBootstrapper]
11:46:30.636 [Test worker] INFO org.springframework.boot.test.context.SpringBootTestContextBootstrapper - Neither @ContextConfiguration nor @ContextHierarchy found for test class [com.example.kubepractice.KubepracticeApplicationTests], using SpringBootContextLoader
11:46:30.641 [Test worker] DEBUG org.springframework.test.context.support.AbstractContextLoader - Did not detect default resource location for test class [com.example.kubepractice.KubepracticeApplicationTests]: class path resource [com/example/kubepractice/KubepracticeApplicationTests-context.xml] does not exist
11:46:30.641 [Test worker] DEBUG org.springframework.test.context.support.AbstractContextLoader - Did not detect default resource location for test class [com.example.kubepractice.KubepracticeApplicationTests]: class path resource [com/example/kubepractice/KubepracticeApplicationTestsContext.groovy] does not exist
11:46:30.642 [Test worker] INFO org.springframework.test.context.support.AbstractContextLoader - Could not detect default resource locations for test class [com.example.kubepractice.KubepracticeApplicationTests]: no resource found for suffixes {-context.xml, Context.groovy}.
11:46:30.643 [Test worker] INFO org.springframework.test.context.support.AnnotationConfigContextLoaderUtils - Could not detect default configuration classes for test class [com.example.kubepractice.KubepracticeApplicationTests]: KubepracticeApplicationTests does not declare any static, non-private, non-final, nested classes annotated with @Configuration.
11:46:30.691 [Test worker] DEBUG org.springframework.test.context.support.ActiveProfilesUtils - Could not find an 'annotation declaring class' for annotation type [org.springframework.test.context.ActiveProfiles] and class [com.example.kubepractice.KubepracticeApplicationTests]
11:46:30.766 [Test worker] DEBUG org.springframework.context.annotation.ClassPathScanningCandidateComponentProvider - Identified candidate component class: file [C:\Users\smaur\Desktop\kubepractice\build\classes\java\main\com\example\kubepractice\KubepracticeApplication.class]
11:46:30.768 [Test worker] INFO org.springframework.boot.test.context.SpringBootTestContextBootstrapper - Found @SpringBootConfiguration com.example.kubepractice.KubepracticeApplication for test class com.example.kubepractice.KubepracticeApplicationTests
11:46:30.931 [Test worker] DEBUG org.springframework.boot.test.context.SpringBootTestContextBootstrapper - @TestExecutionListeners is not present for class [com.example.kubepractice.KubepracticeApplicationTests]: using defaults.
11:46:30.931 [Test worker] INFO org.springframework.boot.test.context.SpringBootTestContextBootstrapper - Loaded default TestExecutionListener class names from location [META-INF/spring.factories]: [org.springframework.boot.test.autoconfigure.restdocs.RestDocsTestExecutionListener, org.springframework.boot.test.autoconfigure.web.client.MockRestServiceServerResetTestExecutionListener, org.springframework.boot.test.autoconfigure.web.servlet.MockMvcPrintOnlyOnFailureTestExecutionListener, org.springframework.boot.test.autoconfigure.web.servlet.WebDriverTestExecutionListener, org.springframework.boot.test.autoconfigure.webservices.client.MockWebServiceServerTestExecutionListener, org.springframework.boot.test.mock.mockito.MockitoTestExecutionListener, org.springframework.boot.test.mock.mockito.ResetMocksTestExecutionListener, org.springframework.test.context.web.ServletTestExecutionListener, org.springframework.test.context.support.DirtiesContextBeforeModesTestExecutionListener, org.springframework.test.context.event.ApplicationEventsTestExecutionListener, org.springframework.test.context.support.DependencyInjectionTestExecutionListener, org.springframework.test.context.support.DirtiesContextTestExecutionListener, org.springframework.test.context.transaction.TransactionalTestExecutionListener, org.springframework.test.context.jdbc.SqlScriptsTestExecutionListener, org.springframework.test.context.event.EventPublishingTestExecutionListener]
11:46:30.947 [Test worker] DEBUG org.springframework.boot.test.context.SpringBootTestContextBootstrapper - Skipping candidate TestExecutionListener [org.springframework.test.context.transaction.TransactionalTestExecutionListener] due to a missing dependency. Specify custom listener classes or make the default listener classes and their required dependencies available. Offending class: [org/springframework/transaction/interceptor/TransactionAttributeSource]
11:46:30.948 [Test worker] DEBUG org.springframework.boot.test.context.SpringBootTestContextBootstrapper - Skipping candidate TestExecutionListener [org.springframework.test.context.jdbc.SqlScriptsTestExecutionListener] due to a missing dependency. Specify custom listener classes or make the default listener classes and their required dependencies available. Offending class: [org/springframework/transaction/interceptor/TransactionAttribute]
11:46:30.949 [Test worker] INFO org.springframework.boot.test.context.SpringBootTestContextBootstrapper - Using TestExecutionListeners: [org.springframework.test.context.web.ServletTestExecutionListener@1177982, org.springframework.test.context.support.DirtiesContextBeforeModesTestExecutionListener@75b0ecf7, org.springframework.test.context.event.ApplicationEventsTestExecutionListener@7a612aef, org.springframework.boot.test.mock.mockito.MockitoTestExecutionListener@504ff19e, org.springframework.boot.test.autoconfigure.SpringBootDependencyInjectionTestExecutionListener@6a2e497c, org.springframework.test.context.support.DirtiesContextTestExecutionListener@188bd79a, org.springframework.test.context.event.EventPublishingTestExecutionListener@6bcea036, org.springframework.boot.test.autoconfigure.restdocs.RestDocsTestExecutionListener@44227fd0, org.springframework.boot.test.autoconfigure.web.client.MockRestServiceServerResetTestExecutionListener@5cdfab81, org.springframework.boot.test.autoconfigure.web.servlet.MockMvcPrintOnlyOnFailureTestExecutionListener@1a2e9087, org.springframework.boot.test.autoconfigure.web.servlet.WebDriverTestExecutionListener@47f5ce4, org.springframework.boot.test.autoconfigure.webservices.client.MockWebServiceServerTestExecutionListener@53747f44, org.springframework.boot.test.mock.mockito.ResetMocksTestExecutionListener@72564508]
11:46:30.955 [Test worker] DEBUG org.springframework.test.context.support.AbstractDirtiesContextTestExecutionListener - Before test class: context [DefaultTestContext@7212fbc4 testClass = KubepracticeApplicationTests, testInstance = [null], testMethod = [null], testException = [null], mergedContextConfiguration = [WebMergedContextConfiguration@c77c68e testClass = KubepracticeApplicationTests, locations = '{}', classes = '{class com.example.kubepractice.KubepracticeApplication}', contextInitializerClasses = '[]', activeProfiles = '{}', propertySourceLocations = '{}', propertySourceProperties = '{org.springframework.boot.test.context.SpringBootTestContextBootstrapper=true}', contextCustomizers = set[org.springframework.boot.test.autoconfigure.actuate.metrics.MetricsExportContextCustomizerFactory$DisableMetricExportContextCustomizer@79a71e5a, org.springframework.boot.test.autoconfigure.properties.PropertyMappingContextCustomizer@0, org.springframework.boot.test.autoconfigure.web.servlet.WebDriverContextCustomizerFactory$Customizer@247e035a, org.springframework.boot.test.context.filter.ExcludeFilterContextCustomizer@5c34c6f2, org.springframework.boot.test.json.DuplicateJsonObjectContextCustomizerFactory$DuplicateJsonObjectContextCustomizer@e9f3f13, org.springframework.boot.test.mock.mockito.MockitoContextCustomizer@0, org.springframework.boot.test.web.client.TestRestTemplateContextCustomizer@5245b08d, org.springframework.boot.test.context.SpringBootTestArgs@1, org.springframework.boot.test.context.SpringBootTestWebEnvironment@3c3f9138], resourceBasePath = 'src/main/webapp', contextLoader = 'org.springframework.boot.test.context.SpringBootContextLoader', parent = [null]], attributes = map['org.springframework.test.context.web.ServletTestExecutionListener.activateListener' -> true]], class annotated with @DirtiesContext [false] with mode [null].
11:46:31.000 [Test worker] DEBUG org.springframework.test.context.support.TestPropertySourceUtils - Adding inlined properties to environment: {spring.jmx.enabled=false, org.springframework.boot.test.context.SpringBootTestContextBootstrapper=true}

  .   ____          _            __ _ _
 /\\ / ___'_ __ _ _(_)_ __  __ _ \ \ \ \
( ( )\___ | '_ | '_| | '_ \/ _` | \ \ \ \
 \\/  ___)| |_)| | | | | || (_| |  ) ) ) )
  '  |____| .__|_| |_|_| |_\__, | / / / /
 =========|_|==============|___/=/_/_/_/
 :: Spring Boot ::                (v2.4.5)

2021-04-19 11:46:31.272  INFO 17568 --- [    Test worker] c.e.k.KubepracticeApplicationTests       : Starting KubepracticeApplicationTests using Java 11.0.8 on DESKTOP-RUU1C4G with PID 17568 (started by smaur in C:\Users\smaur\Desktop\kubepractice)
2021-04-19 11:46:31.275  INFO 17568 --- [    Test worker] c.e.k.KubepracticeApplicationTests       : No active profile set, falling back to default profiles: default
2021-04-19 11:46:32.466  INFO 17568 --- [    Test worker] o.s.s.concurrent.ThreadPoolTaskExecutor  : Initializing ExecutorService 'applicationTaskExecutor'
2021-04-19 11:46:32.803  INFO 17568 --- [    Test worker] c.e.k.KubepracticeApplicationTests       : Started KubepracticeApplicationTests in 1.795 seconds (JVM running for 3.16)
]]></system-out>
  <system-err><![CDATA[]]></system-err>
</testsuite>
